Detecting C compiler ABI info failed to compile with the following output:
Change Dir: /home/Fredrik/stroustrup-ppp-drills/gui_examples/build/CMakeFiles/CMakeScratch/TryCompile-cbNxIq

Run Build Command(s):/usr/bin/make.exe -f Makefile cmTC_d4ed2/fast && /usr/bin/make  -f CMakeFiles/cmTC_d4ed2.dir/build.make CMakeFiles/cmTC_d4ed2.dir/build
make[1]: Entering directory '/home/Fredrik/stroustrup-ppp-drills/gui_examples/build/CMakeFiles/CMakeScratch/TryCompile-cbNxIq'
Building C object CMakeFiles/cmTC_d4ed2.dir/CMakeCCompilerABI.c.obj
/ucrt64/bin/clang.exe   -v -MD -MT CMakeFiles/cmTC_d4ed2.dir/CMakeCCompilerABI.c.obj -MF CMakeFiles/cmTC_d4ed2.dir/CMakeCCompilerABI.c.obj.d -o CMakeFiles/cmTC_d4ed2.dir/CMakeCCompilerABI.c.obj -c /ucrt64/share/cmake/Modules/CMakeCCompilerABI.c
clang version 15.0.5
Target: x86_64-w64-windows-gnu
Thread model: posix
InstalledDir: C:/msys64/ucrt64/bin
 (in-process)
 "C:/msys64/ucrt64/bin/clang.exe" -cc1 -triple x86_64-w64-windows-gnu -emit-obj -mrelax-all --mrelax-relocations -disable-free -clear-ast-before-backend -disable-llvm-verifier -discard-value-names -main-file-name CMakeCCompilerABI.c -mrelocation-model pic -pic-level 2 -mframe-pointer=none -fmath-errno -ffp-contract=on -fno-rounding-math -mconstructor-aliases -mms-bitfields -funwind-tables=2 -target-cpu x86-64 -tune-cpu generic -mllvm -treat-scalable-fixed-error-as-warning -debugger-tuning=gdb -v -fcoverage-compilation-dir=C:/msys64/home/Fredrik/stroustrup-ppp-drills/gui_examples/build/CMakeFiles/CMakeScratch/TryCompile-cbNxIq -resource-dir C:/msys64/ucrt64/lib/clang/15.0.5 -dependency-file CMakeFiles/cmTC_d4ed2.dir/CMakeCCompilerABI.c.obj.d -MT CMakeFiles/cmTC_d4ed2.dir/CMakeCCompilerABI.c.obj -sys-header-deps -internal-isystem C:/msys64/ucrt64/lib/clang/15.0.5/include -internal-isystem C:/msys64/ucrt64/x86_64-w64-mingw32/sys-root/mingw/include -internal-isystem C:/msys64/ucrt64/x86_64-w64-mingw32/include -internal-isystem C:/msys64/ucrt64/x86_64-w64-mingw32/usr/include -internal-isystem C:/msys64/ucrt64/include -fdebug-compilation-dir=C:/msys64/home/Fredrik/stroustrup-ppp-drills/gui_examples/build/CMakeFiles/CMakeScratch/TryCompile-cbNxIq -ferror-limit 19 -fno-use-cxa-atexit -fgnuc-version=4.2.1 -exception-model=seh -faddrsig -o CMakeFiles/cmTC_d4ed2.dir/CMakeCCompilerABI.c.obj -x c C:/msys64/ucrt64/share/cmake/Modules/CMakeCCompilerABI.c
clang -cc1 version 15.0.5 based upon LLVM 15.0.5 default target x86_64-w64-windows-gnu
ignoring nonexistent directory "C:/msys64/ucrt64/x86_64-w64-mingw32/sys-root/mingw/include"
ignoring nonexistent directory "C:/msys64/ucrt64/x86_64-w64-mingw32/include"
ignoring nonexistent directory "C:/msys64/ucrt64/x86_64-w64-mingw32/usr/include"
#include "..." search starts here:
#include <...> search starts here:
 C:/msys64/ucrt64/lib/clang/15.0.5/include
 C:/msys64/ucrt64/include
End of search list.
Linking C executable cmTC_d4ed2
/ucrt64/bin/cmake.exe -E cmake_link_script CMakeFiles/cmTC_d4ed2.dir/link.txt --verbose=1
/ucrt64/bin/clang.exe  -v CMakeFiles/cmTC_d4ed2.dir/CMakeCCompilerABI.c.obj -o cmTC_d4ed2 
Error running link command: Det går inte att hitta filen
make[1]: *** [CMakeFiles/cmTC_d4ed2.dir/build.make:100: cmTC_d4ed2] Error 2
make[1]: Leaving directory '/home/Fredrik/stroustrup-ppp-drills/gui_examples/build/CMakeFiles/CMakeScratch/TryCompile-cbNxIq'
make: *** [Makefile:127: cmTC_d4ed2/fast] Error 2




Determining if the C compiler works failed with the following output:
Change Dir: /home/Fredrik/stroustrup-ppp-drills/gui_examples/build/CMakeFiles/CMakeScratch/TryCompile-5pXtO9

Run Build Command(s):/usr/bin/make.exe -f Makefile cmTC_fea00/fast && /usr/bin/make  -f CMakeFiles/cmTC_fea00.dir/build.make CMakeFiles/cmTC_fea00.dir/build
make[1]: Entering directory '/home/Fredrik/stroustrup-ppp-drills/gui_examples/build/CMakeFiles/CMakeScratch/TryCompile-5pXtO9'
Building C object CMakeFiles/cmTC_fea00.dir/testCCompiler.c.obj
/ucrt64/bin/clang.exe    -MD -MT CMakeFiles/cmTC_fea00.dir/testCCompiler.c.obj -MF CMakeFiles/cmTC_fea00.dir/testCCompiler.c.obj.d -o CMakeFiles/cmTC_fea00.dir/testCCompiler.c.obj -c /home/Fredrik/stroustrup-ppp-drills/gui_examples/build/CMakeFiles/CMakeScratch/TryCompile-5pXtO9/testCCompiler.c
Linking C executable cmTC_fea00
/ucrt64/bin/cmake.exe -E cmake_link_script CMakeFiles/cmTC_fea00.dir/link.txt --verbose=1
/ucrt64/bin/clang.exe CMakeFiles/cmTC_fea00.dir/testCCompiler.c.obj -o cmTC_fea00 
Error running link command: Det går inte att hitta filen
make[1]: *** [CMakeFiles/cmTC_fea00.dir/build.make:100: cmTC_fea00] Error 2
make[1]: Leaving directory '/home/Fredrik/stroustrup-ppp-drills/gui_examples/build/CMakeFiles/CMakeScratch/TryCompile-5pXtO9'
make: *** [Makefile:127: cmTC_fea00/fast] Error 2



